This file contains any messages produced by compilers while
running configure, to aid debugging if configure makes a mistake.

It was created by xcdr configure 0.5, which was
generated by GNU Autoconf 2.53.  Invocation command line was

  $ ./configure 

## --------- ##
## Platform. ##
## --------- ##

hostname = squeeze
uname -m = i686
uname -r = 2.6.38-8-generic
uname -s = Linux
uname -v = #42-Ubuntu SMP Mon Apr 11 03:31:50 UTC 2011

/usr/bin/uname -p = unknown
/bin/uname -X     = unknown

/bin/arch              = unknown
/usr/bin/arch -k       = unknown
/usr/convex/getsysinfo = unknown
hostinfo               = unknown
/bin/machine           = unknown
/usr/bin/oslevel       = unknown
/bin/universe          = unknown

PATH: /home/tmarsh/bin
PATH: /usr/local/sbin
PATH: /usr/local/bin
PATH: /usr/sbin
PATH: /usr/bin
PATH: /sbin
PATH: /bin
PATH: /usr/games


## ----------- ##
## Core tests. ##
## ----------- ##

configure:1500: checking for a BSD-compatible install
configure:1554: result: /usr/bin/install -c
configure:1565: checking whether build environment is sane
configure:1608: result: yes
configure:1641: checking for gawk
configure:1657: found /usr/bin/gawk
configure:1667: result: gawk
configure:1677: checking whether make sets ${MAKE}
configure:1697: result: yes
configure:1894: checking for gcc
configure:1910: found /usr/bin/gcc
configure:1920: result: gcc
configure:2164: checking for C compiler version
configure:2167: gcc --version </dev/null >&5
gcc (Ubuntu/Linaro 4.5.2-8ubuntu4) 4.5.2
Copyright (C) 2010 Free Software Foundation, Inc.
This is free software; see the source for copying conditions.  There is NO
warranty; not even for MERCHANTABILITY or FITNESS FOR A PARTICULAR PURPOSE.

configure:2170: $? = 0
configure:2172: gcc -v </dev/null >&5
Using built-in specs.
COLLECT_GCC=gcc
COLLECT_LTO_WRAPPER=/usr/lib/i386-linux-gnu/gcc/i686-linux-gnu/4.5.2/lto-wrapper
Target: i686-linux-gnu
Configured with: ../src/configure -v --with-pkgversion='Ubuntu/Linaro 4.5.2-8ubuntu4' --with-bugurl=file:///usr/share/doc/gcc-4.5/README.Bugs --enable-languages=c,c++,fortran,objc,obj-c++ --prefix=/usr --program-suffix=-4.5 --enable-shared --enable-multiarch --with-multiarch-defaults=i386-linux-gnu --enable-linker-build-id --with-system-zlib --libexecdir=/usr/lib/i386-linux-gnu --without-included-gettext --enable-threads=posix --with-gxx-include-dir=/usr/include/c++/4.5 --libdir=/usr/lib/i386-linux-gnu --enable-nls --with-sysroot=/ --enable-clocale=gnu --enable-libstdcxx-debug --enable-libstdcxx-time=yes --enable-plugin --enable-gold --enable-ld=default --with-plugin-ld=ld.gold --enable-objc-gc --enable-targets=all --disable-werror --with-arch-32=i686 --with-tune=generic --enable-checking=release --build=i686-linux-gnu --host=i686-linux-gnu --target=i686-linux-gnu
Thread model: posix
gcc version 4.5.2 (Ubuntu/Linaro 4.5.2-8ubuntu4) 
configure:2175: $? = 0
configure:2177: gcc -V </dev/null >&5
gcc: '-V' option must have argument
configure:2180: $? = 1
configure:2206: checking for C compiler default output
configure:2209: gcc    conftest.c  >&5
configure:2212: $? = 0
configure:2245: result: a.out
configure:2250: checking whether the C compiler works
configure:2256: ./a.out
configure:2259: $? = 0
configure:2274: result: yes
configure:2281: checking whether we are cross compiling
configure:2283: result: no
configure:2286: checking for suffix of executables
configure:2288: gcc -o conftest    conftest.c  >&5
configure:2291: $? = 0
configure:2313: result: 
configure:2319: checking for suffix of object files
configure:2343: gcc -c   conftest.c >&5
configure:2346: $? = 0
configure:2365: result: o
configure:2369: checking whether we are using the GNU C compiler
configure:2396: gcc -c   conftest.c >&5
configure:2399: $? = 0
configure:2402: test -s conftest.o
configure:2405: $? = 0
configure:2417: result: yes
configure:2423: checking whether gcc accepts -g
configure:2447: gcc -c -g  conftest.c >&5
configure:2450: $? = 0
configure:2453: test -s conftest.o
configure:2456: $? = 0
configure:2466: result: yes
configure:2493: gcc -c -g -O2  conftest.c >&5
conftest.c:2:9: error: expected '=', ',', ';', 'asm' or '__attribute__' before 'me'
configure:2496: $? = 1
configure: failed program was:
#ifndef __cplusplus
  choke me
#endif
configure:2625: checking for style of include used by make
configure:2653: result: GNU
configure:2681: checking dependency style of gcc
configure:2743: result: gcc3
configure:2800: checking for g++
configure:2816: found /usr/bin/g++
configure:2826: result: g++
configure:2842: checking for C++ compiler version
configure:2845: g++ --version </dev/null >&5
g++ (Ubuntu/Linaro 4.5.2-8ubuntu4) 4.5.2
Copyright (C) 2010 Free Software Foundation, Inc.
This is free software; see the source for copying conditions.  There is NO
warranty; not even for MERCHANTABILITY or FITNESS FOR A PARTICULAR PURPOSE.

configure:2848: $? = 0
configure:2850: g++ -v </dev/null >&5
Using built-in specs.
COLLECT_GCC=g++
COLLECT_LTO_WRAPPER=/usr/lib/i386-linux-gnu/gcc/i686-linux-gnu/4.5.2/lto-wrapper
Target: i686-linux-gnu
Configured with: ../src/configure -v --with-pkgversion='Ubuntu/Linaro 4.5.2-8ubuntu4' --with-bugurl=file:///usr/share/doc/gcc-4.5/README.Bugs --enable-languages=c,c++,fortran,objc,obj-c++ --prefix=/usr --program-suffix=-4.5 --enable-shared --enable-multiarch --with-multiarch-defaults=i386-linux-gnu --enable-linker-build-id --with-system-zlib --libexecdir=/usr/lib/i386-linux-gnu --without-included-gettext --enable-threads=posix --with-gxx-include-dir=/usr/include/c++/4.5 --libdir=/usr/lib/i386-linux-gnu --enable-nls --with-sysroot=/ --enable-clocale=gnu --enable-libstdcxx-debug --enable-libstdcxx-time=yes --enable-plugin --enable-gold --enable-ld=default --with-plugin-ld=ld.gold --enable-objc-gc --enable-targets=all --disable-werror --with-arch-32=i686 --with-tune=generic --enable-checking=release --build=i686-linux-gnu --host=i686-linux-gnu --target=i686-linux-gnu
Thread model: posix
gcc version 4.5.2 (Ubuntu/Linaro 4.5.2-8ubuntu4) 
configure:2853: $? = 0
configure:2855: g++ -V </dev/null >&5
g++: '-V' option must have argument
configure:2858: $? = 1
configure:2861: checking whether we are using the GNU C++ compiler
configure:2888: g++ -c   conftest.cc >&5
configure:2891: $? = 0
configure:2894: test -s conftest.o
configure:2897: $? = 0
configure:2909: result: yes
configure:2915: checking whether g++ accepts -g
configure:2939: g++ -c -g  conftest.cc >&5
configure:2942: $? = 0
configure:2945: test -s conftest.o
configure:2948: $? = 0
configure:2958: result: yes
configure:3004: g++ -c -g -O2  conftest.cc >&5
configure:3007: $? = 0
configure:3010: test -s conftest.o
configure:3013: $? = 0
configure:3041: g++ -c -g -O2  conftest.cc >&5
configure: In function 'int main()':
configure:3033:9: error: 'exit' was not declared in this scope
configure:3044: $? = 1
configure: failed program was:
#line 3022 "configure"
#include "confdefs.h"

#ifdef F77_DUMMY_MAIN
#  ifdef __cplusplus
     extern "C"
#  endif
   int F77_DUMMY_MAIN() { return 1; }
#endif
int
main ()
{
exit (42);
  ;
  return 0;
}
configure:3004: g++ -c -g -O2  conftest.cc >&5
configure:3007: $? = 0
configure:3010: test -s conftest.o
configure:3013: $? = 0
configure:3041: g++ -c -g -O2  conftest.cc >&5
configure:3044: $? = 0
configure:3047: test -s conftest.o
configure:3050: $? = 0
configure:3074: checking dependency style of g++
configure:3136: result: gcc3
configure:3213: checking build system type
configure:3231: result: i686-pc-linux-gnu
configure:3239: checking host system type
configure:3253: result: i686-pc-linux-gnu
configure:3283: checking for ld used by GCC
configure:3346: result: /usr/bin/ld
configure:3355: checking if the linker (/usr/bin/ld) is GNU ld
GNU ld (GNU Binutils for Ubuntu) 2.21.0.20110327
configure:3367: result: yes
configure:3372: checking for /usr/bin/ld option to reload object files
configure:3379: result: -r
configure:3384: checking for BSD-compatible nm
configure:3420: result: /usr/bin/nm -B
configure:3423: checking whether ln -s works
configure:3427: result: yes
configure:3434: checking how to recognise dependant libraries
configure:3612: result: pass_all
configure:3625: checking command to parse /usr/bin/nm -B output
configure:3706: gcc -c -g -O2  conftest.c >&5
configure:3709: $? = 0
configure:3713: /usr/bin/nm -B conftest.o \| sed -n -e 's/^.*[ 	]\([ABCDGISTW][ABCDGISTW]*\)[ 	][ 	]*\(\)\([_A-Za-z][_A-Za-z0-9]*\)$/\1 \2\3 \3/p' \> conftest.nm
configure:3716: $? = 0
configure:3768: gcc -o conftest -g -O2   conftest.c conftstm.o >&5
configure:3771: $? = 0
configure:3815: result: ok
configure:3824: checking how to run the C preprocessor
configure:3850: gcc -E  conftest.c
configure:3856: $? = 0
configure:3883: gcc -E  conftest.c
configure:3879:28: fatal error: ac_nonexistent.h: No such file or directory
compilation terminated.
configure:3889: $? = 1
configure: failed program was:
#line 3878 "configure"
#include "confdefs.h"
#include <ac_nonexistent.h>
configure:3926: result: gcc -E
configure:3941: gcc -E  conftest.c
configure:3947: $? = 0
configure:3974: gcc -E  conftest.c
configure:3970:28: fatal error: ac_nonexistent.h: No such file or directory
compilation terminated.
configure:3980: $? = 1
configure: failed program was:
#line 3969 "configure"
#include "confdefs.h"
#include <ac_nonexistent.h>
configure:4020: checking for ANSI C header files
configure:4034: gcc -E  conftest.c
configure:4040: $? = 0
configure:4127: gcc -o conftest -g -O2   conftest.c  >&5
configure: In function 'main':
configure:4118:7: warning: incompatible implicit declaration of built-in function 'exit'
configure:4130: $? = 0
configure:4132: ./conftest
configure:4135: $? = 0
configure:4149: result: yes
configure:4173: checking for sys/types.h
configure:4186: gcc -c -g -O2  conftest.c >&5
configure:4189: $? = 0
configure:4192: test -s conftest.o
configure:4195: $? = 0
configure:4205: result: yes
configure:4173: checking for sys/stat.h
configure:4186: gcc -c -g -O2  conftest.c >&5
configure:4189: $? = 0
configure:4192: test -s conftest.o
configure:4195: $? = 0
configure:4205: result: yes
configure:4173: checking for stdlib.h
configure:4186: gcc -c -g -O2  conftest.c >&5
configure:4189: $? = 0
configure:4192: test -s conftest.o
configure:4195: $? = 0
configure:4205: result: yes
configure:4173: checking for string.h
configure:4186: gcc -c -g -O2  conftest.c >&5
configure:4189: $? = 0
configure:4192: test -s conftest.o
configure:4195: $? = 0
configure:4205: result: yes
configure:4173: checking for memory.h
configure:4186: gcc -c -g -O2  conftest.c >&5
configure:4189: $? = 0
configure:4192: test -s conftest.o
configure:4195: $? = 0
configure:4205: result: yes
configure:4173: checking for strings.h
configure:4186: gcc -c -g -O2  conftest.c >&5
configure:4189: $? = 0
configure:4192: test -s conftest.o
configure:4195: $? = 0
configure:4205: result: yes
configure:4173: checking for inttypes.h
configure:4186: gcc -c -g -O2  conftest.c >&5
configure:4189: $? = 0
configure:4192: test -s conftest.o
configure:4195: $? = 0
configure:4205: result: yes
configure:4173: checking for stdint.h
configure:4186: gcc -c -g -O2  conftest.c >&5
configure:4189: $? = 0
configure:4192: test -s conftest.o
configure:4195: $? = 0
configure:4205: result: yes
configure:4173: checking for unistd.h
configure:4186: gcc -c -g -O2  conftest.c >&5
configure:4189: $? = 0
configure:4192: test -s conftest.o
configure:4195: $? = 0
configure:4205: result: yes
configure:4231: checking dlfcn.h usability
configure:4240: gcc -c -g -O2  conftest.c >&5
configure:4243: $? = 0
configure:4246: test -s conftest.o
configure:4249: $? = 0
configure:4258: result: yes
configure:4262: checking dlfcn.h presence
configure:4269: gcc -E  conftest.c
configure:4275: $? = 0
configure:4293: result: yes
configure:4311: checking for dlfcn.h
configure:4318: result: yes
configure:4515: checking for ranlib
configure:4531: found /usr/bin/ranlib
configure:4542: result: ranlib
configure:4595: checking for strip
configure:4611: found /usr/bin/strip
configure:4622: result: strip
configure:4833: checking for objdir
configure:4844: result: .libs
configure:4861: checking for gcc option to produce PIC
configure:5011: result: -fPIC
configure:5015: checking if gcc PIC flag -fPIC works
configure:5041: gcc -c -g -O2 -fPIC -DPIC  conftest.c >&5
configure:5044: $? = 0
configure:5047: test -s conftest.o
configure:5050: $? = 0
configure:5087: result: yes
configure:5103: checking if gcc static flag -static works
configure:5130: gcc -o conftest -g -O2   -static conftest.c  >&5
configure:5133: $? = 0
configure:5136: test -s conftest
configure:5139: $? = 0
configure:5154: result: yes
configure:5166: checking if gcc supports -c -o file.o
configure:5186: gcc -c -g -O2 -o out/conftest2.o  conftest.c >&5
configure:5210: result: yes
configure:5215: checking if gcc supports -c -o file.lo
configure:5245: gcc -c -g -O2 -c -o conftest.lo  conftest.c >&5
configure:5248: $? = 0
configure:5251: test -s conftest.lo
configure:5254: $? = 0
configure:5275: result: yes
configure:5306: checking if gcc supports -fno-rtti -fno-exceptions
configure:5331: gcc -c -g -O2 -fno-rtti -fno-exceptions -c conftest.c  conftest.c >&5
cc1: warning: command line option "-fno-rtti" is valid for C++/ObjC++ but not for C
cc1: warning: command line option "-fno-rtti" is valid for C++/ObjC++ but not for C
configure:5334: $? = 0
configure:5337: test -s conftest.o
configure:5340: $? = 0
configure:5356: result: yes
configure:5367: checking whether the linker (/usr/bin/ld) supports shared libraries
configure:6047: result: yes
configure:6052: checking how to hardcode library paths into programs
configure:6076: result: immediate
configure:6081: checking whether stripping libraries is possible
configure:6086: result: yes
configure:6097: checking dynamic linker characteristics
configure:6490: result: GNU/Linux ld.so
configure:6495: checking if libtool supports shared libraries
configure:6497: result: yes
configure:6500: checking whether to build shared libraries
configure:6521: result: yes
configure:6524: checking whether to build static libraries
configure:6528: result: yes
configure:7190: checking whether -lc should be explicitly linked in
configure:7198: gcc -c -g -O2  conftest.c >&5
configure:7201: $? = 0
configure:7215: gcc -shared conftest.o  -v -Wl,-soname -Wl,conftest -o conftest 2\>\&1 \| grep  -lc  \>/dev/null 2\>\&1
configure:7218: $? = 0
configure:7231: result: no
configure:7801: checking whether build environment is sane
configure:7844: result: yes
configure:7851: checking whether to enable maintainer-specific portions of Makefiles
configure:7860: result: no
configure:7876: checking if malloc debugging is wanted
configure:7897: result: no
configure:7917: checking for gcc option to accept ANSI C
configure:7980: g++ -c -g -O2  conftest.cc >&5
configure:7932:17: error: 'p' was not declared in this scope
configure:7932:20: error: 'i' was not declared in this scope
configure:7932:21: error: initializer expression list treated as compound expression
configure:7933:6: error: expected ',' or ';' before 'char'
configure:7935:1: error: expected unqualified-id before '{' token
configure: In function 'int main()':
configure:7962:21: error: cannot convert 'char*' to 'char* (*)(char**, int)' for argument '1' to 'char* f(char* (*)(char**, int), char**, ...)'
configure:7962:52: error: cannot convert 'char*' to 'char* (*)(char**, int)' for argument '1' to 'char* f(char* (*)(char**, int), char**, ...)'
configure:7983: $? = 1
configure: failed program was:
#line 7924 "configure"
#include "confdefs.h"
#include <stdarg.h>
#include <stdio.h>
#include <sys/types.h>
#include <sys/stat.h>
/* Most of the following tests are stolen from RCS 5.7's src/conf.sh.  */
struct buf { int x; };
FILE * (*rcsopen) (struct buf *, struct stat *, int);
static char *e (p, i)
     char **p;
     int i;
{
  return p[i];
}
static char *f (char * (*g) (char **, int), char **p, ...)
{
  char *s;
  va_list v;
  va_start (v,p);
  s = g (p, va_arg (v,int));
  va_end (v);
  return s;
}
int test (int i, double x);
struct s1 {int (*f) (int a);};
struct s2 {int (*f) (double a);};
int pairnames (int, char **, FILE *(*)(struct buf *, struct stat *, int), int, int);
int argc;
char **argv;
#ifdef F77_DUMMY_MAIN
#  ifdef __cplusplus
     extern "C"
#  endif
   int F77_DUMMY_MAIN() { return 1; }
#endif
int
main ()
{
return f (e, argv, 0) != argv[0]  ||  f (e, argv, 1) != argv[1];
  ;
  return 0;
}
configure:7980: g++ -c -g -O2  conftest.cc >&5
configure:7932:17: error: 'p' was not declared in this scope
configure:7932:20: error: 'i' was not declared in this scope
configure:7932:21: error: initializer expression list treated as compound expression
configure:7933:6: error: expected ',' or ';' before 'char'
configure:7935:1: error: expected unqualified-id before '{' token
configure: In function 'int main()':
configure:7962:21: error: cannot convert 'char*' to 'char* (*)(char**, int)' for argument '1' to 'char* f(char* (*)(char**, int), char**, ...)'
configure:7962:52: error: cannot convert 'char*' to 'char* (*)(char**, int)' for argument '1' to 'char* f(char* (*)(char**, int), char**, ...)'
configure:7983: $? = 1
configure: failed program was:
#line 7924 "configure"
#include "confdefs.h"
#include <stdarg.h>
#include <stdio.h>
#include <sys/types.h>
#include <sys/stat.h>
/* Most of the following tests are stolen from RCS 5.7's src/conf.sh.  */
struct buf { int x; };
FILE * (*rcsopen) (struct buf *, struct stat *, int);
static char *e (p, i)
     char **p;
     int i;
{
  return p[i];
}
static char *f (char * (*g) (char **, int), char **p, ...)
{
  char *s;
  va_list v;
  va_start (v,p);
  s = g (p, va_arg (v,int));
  va_end (v);
  return s;
}
int test (int i, double x);
struct s1 {int (*f) (int a);};
struct s2 {int (*f) (double a);};
int pairnames (int, char **, FILE *(*)(struct buf *, struct stat *, int), int, int);
int argc;
char **argv;
#ifdef F77_DUMMY_MAIN
#  ifdef __cplusplus
     extern "C"
#  endif
   int F77_DUMMY_MAIN() { return 1; }
#endif
int
main ()
{
return f (e, argv, 0) != argv[0]  ||  f (e, argv, 1) != argv[1];
  ;
  return 0;
}
configure:7980: g++ -c -g -O2  conftest.cc >&5
configure:7932:17: error: 'p' was not declared in this scope
configure:7932:20: error: 'i' was not declared in this scope
configure:7932:21: error: initializer expression list treated as compound expression
configure:7933:6: error: expected ',' or ';' before 'char'
configure:7935:1: error: expected unqualified-id before '{' token
configure: In function 'int main()':
configure:7962:21: error: cannot convert 'char*' to 'char* (*)(char**, int)' for argument '1' to 'char* f(char* (*)(char**, int), char**, ...)'
configure:7962:52: error: cannot convert 'char*' to 'char* (*)(char**, int)' for argument '1' to 'char* f(char* (*)(char**, int), char**, ...)'
configure:7983: $? = 1
configure: failed program was:
#line 7924 "configure"
#include "confdefs.h"
#include <stdarg.h>
#include <stdio.h>
#include <sys/types.h>
#include <sys/stat.h>
/* Most of the following tests are stolen from RCS 5.7's src/conf.sh.  */
struct buf { int x; };
FILE * (*rcsopen) (struct buf *, struct stat *, int);
static char *e (p, i)
     char **p;
     int i;
{
  return p[i];
}
static char *f (char * (*g) (char **, int), char **p, ...)
{
  char *s;
  va_list v;
  va_start (v,p);
  s = g (p, va_arg (v,int));
  va_end (v);
  return s;
}
int test (int i, double x);
struct s1 {int (*f) (int a);};
struct s2 {int (*f) (double a);};
int pairnames (int, char **, FILE *(*)(struct buf *, struct stat *, int), int, int);
int argc;
char **argv;
#ifdef F77_DUMMY_MAIN
#  ifdef __cplusplus
     extern "C"
#  endif
   int F77_DUMMY_MAIN() { return 1; }
#endif
int
main ()
{
return f (e, argv, 0) != argv[0]  ||  f (e, argv, 1) != argv[1];
  ;
  return 0;
}
configure:7980: g++ -c -g -O2  conftest.cc >&5
configure:7932:17: error: 'p' was not declared in this scope
configure:7932:20: error: 'i' was not declared in this scope
configure:7932:21: error: initializer expression list treated as compound expression
configure:7933:6: error: expected ',' or ';' before 'char'
configure:7935:1: error: expected unqualified-id before '{' token
configure: In function 'int main()':
configure:7962:21: error: cannot convert 'char*' to 'char* (*)(char**, int)' for argument '1' to 'char* f(char* (*)(char**, int), char**, ...)'
configure:7962:52: error: cannot convert 'char*' to 'char* (*)(char**, int)' for argument '1' to 'char* f(char* (*)(char**, int), char**, ...)'
configure:7983: $? = 1
configure: failed program was:
#line 7924 "configure"
#include "confdefs.h"
#include <stdarg.h>
#include <stdio.h>
#include <sys/types.h>
#include <sys/stat.h>
/* Most of the following tests are stolen from RCS 5.7's src/conf.sh.  */
struct buf { int x; };
FILE * (*rcsopen) (struct buf *, struct stat *, int);
static char *e (p, i)
     char **p;
     int i;
{
  return p[i];
}
static char *f (char * (*g) (char **, int), char **p, ...)
{
  char *s;
  va_list v;
  va_start (v,p);
  s = g (p, va_arg (v,int));
  va_end (v);
  return s;
}
int test (int i, double x);
struct s1 {int (*f) (int a);};
struct s2 {int (*f) (double a);};
int pairnames (int, char **, FILE *(*)(struct buf *, struct stat *, int), int, int);
int argc;
char **argv;
#ifdef F77_DUMMY_MAIN
#  ifdef __cplusplus
     extern "C"
#  endif
   int F77_DUMMY_MAIN() { return 1; }
#endif
int
main ()
{
return f (e, argv, 0) != argv[0]  ||  f (e, argv, 1) != argv[1];
  ;
  return 0;
}
configure:7980: g++ -c -g -O2  conftest.cc >&5
configure:7932:17: error: 'p' was not declared in this scope
configure:7932:20: error: 'i' was not declared in this scope
configure:7932:21: error: initializer expression list treated as compound expression
configure:7933:6: error: expected ',' or ';' before 'char'
configure:7935:1: error: expected unqualified-id before '{' token
configure: In function 'int main()':
configure:7962:21: error: cannot convert 'char*' to 'char* (*)(char**, int)' for argument '1' to 'char* f(char* (*)(char**, int), char**, ...)'
configure:7962:52: error: cannot convert 'char*' to 'char* (*)(char**, int)' for argument '1' to 'char* f(char* (*)(char**, int), char**, ...)'
configure:7983: $? = 1
configure: failed program was:
#line 7924 "configure"
#include "confdefs.h"
#include <stdarg.h>
#include <stdio.h>
#include <sys/types.h>
#include <sys/stat.h>
/* Most of the following tests are stolen from RCS 5.7's src/conf.sh.  */
struct buf { int x; };
FILE * (*rcsopen) (struct buf *, struct stat *, int);
static char *e (p, i)
     char **p;
     int i;
{
  return p[i];
}
static char *f (char * (*g) (char **, int), char **p, ...)
{
  char *s;
  va_list v;
  va_start (v,p);
  s = g (p, va_arg (v,int));
  va_end (v);
  return s;
}
int test (int i, double x);
struct s1 {int (*f) (int a);};
struct s2 {int (*f) (double a);};
int pairnames (int, char **, FILE *(*)(struct buf *, struct stat *, int), int, int);
int argc;
char **argv;
#ifdef F77_DUMMY_MAIN
#  ifdef __cplusplus
     extern "C"
#  endif
   int F77_DUMMY_MAIN() { return 1; }
#endif
int
main ()
{
return f (e, argv, 0) != argv[0]  ||  f (e, argv, 1) != argv[1];
  ;
  return 0;
}
configure:7980: g++ -c -g -O2  conftest.cc >&5
configure:7932:17: error: 'p' was not declared in this scope
configure:7932:20: error: 'i' was not declared in this scope
configure:7932:21: error: initializer expression list treated as compound expression
configure:7933:6: error: expected ',' or ';' before 'char'
configure:7935:1: error: expected unqualified-id before '{' token
configure: In function 'int main()':
configure:7962:21: error: cannot convert 'char*' to 'char* (*)(char**, int)' for argument '1' to 'char* f(char* (*)(char**, int), char**, ...)'
configure:7962:52: error: cannot convert 'char*' to 'char* (*)(char**, int)' for argument '1' to 'char* f(char* (*)(char**, int), char**, ...)'
configure:7983: $? = 1
configure: failed program was:
#line 7924 "configure"
#include "confdefs.h"
#include <stdarg.h>
#include <stdio.h>
#include <sys/types.h>
#include <sys/stat.h>
/* Most of the following tests are stolen from RCS 5.7's src/conf.sh.  */
struct buf { int x; };
FILE * (*rcsopen) (struct buf *, struct stat *, int);
static char *e (p, i)
     char **p;
     int i;
{
  return p[i];
}
static char *f (char * (*g) (char **, int), char **p, ...)
{
  char *s;
  va_list v;
  va_start (v,p);
  s = g (p, va_arg (v,int));
  va_end (v);
  return s;
}
int test (int i, double x);
struct s1 {int (*f) (int a);};
struct s2 {int (*f) (double a);};
int pairnames (int, char **, FILE *(*)(struct buf *, struct stat *, int), int, int);
int argc;
char **argv;
#ifdef F77_DUMMY_MAIN
#  ifdef __cplusplus
     extern "C"
#  endif
   int F77_DUMMY_MAIN() { return 1; }
#endif
int
main ()
{
return f (e, argv, 0) != argv[0]  ||  f (e, argv, 1) != argv[1];
  ;
  return 0;
}
configure:8006: result: none needed
configure:8014: checking for an ANSI C-conforming const
configure:8084: g++ -c -g -O2  conftest.cc >&5
configure:8087: $? = 0
configure:8090: test -s conftest.o
configure:8093: $? = 0
configure:8103: result: yes
configure:8118: checking how to run the C++ preprocessor
configure:8140: g++ -E  conftest.cc
configure:8146: $? = 0
configure:8173: g++ -E  conftest.cc
configure:8169:28: fatal error: ac_nonexistent.h: No such file or directory
compilation terminated.
configure:8179: $? = 1
configure: failed program was:
#line 8168 "configure"
#include "confdefs.h"
#include <ac_nonexistent.h>
configure:8216: result: g++ -E
configure:8231: g++ -E  conftest.cc
configure:8237: $? = 0
configure:8264: g++ -E  conftest.cc
configure:8260:28: fatal error: ac_nonexistent.h: No such file or directory
compilation terminated.
configure:8270: $? = 1
configure: failed program was:
#line 8259 "configure"
#include "confdefs.h"
#include <ac_nonexistent.h>
configure:8310: checking for ANSI C header files
configure:8439: result: yes
configure:8468: checking fcntl.h usability
configure:8477: g++ -c -g -O2  conftest.cc >&5
configure:8480: $? = 0
configure:8483: test -s conftest.o
configure:8486: $? = 0
configure:8495: result: yes
configure:8499: checking fcntl.h presence
configure:8506: g++ -E  conftest.cc
configure:8512: $? = 0
configure:8530: result: yes
configure:8548: checking for fcntl.h
configure:8555: result: yes
configure:8468: checking limits.h usability
configure:8477: g++ -c -g -O2  conftest.cc >&5
configure:8480: $? = 0
configure:8483: test -s conftest.o
configure:8486: $? = 0
configure:8495: result: yes
configure:8499: checking limits.h presence
configure:8506: g++ -E  conftest.cc
configure:8512: $? = 0
configure:8530: result: yes
configure:8548: checking for limits.h
configure:8555: result: yes
configure:8459: checking for stdlib.h
configure:8464: result: yes
configure:8468: checking sys/time.h usability
configure:8477: g++ -c -g -O2  conftest.cc >&5
configure:8480: $? = 0
configure:8483: test -s conftest.o
configure:8486: $? = 0
configure:8495: result: yes
configure:8499: checking sys/time.h presence
configure:8506: g++ -E  conftest.cc
configure:8512: $? = 0
configure:8530: result: yes
configure:8548: checking for sys/time.h
configure:8555: result: yes
configure:8459: checking for unistd.h
configure:8464: result: yes
configure:8468: checking values.h usability
configure:8477: g++ -c -g -O2  conftest.cc >&5
configure:8480: $? = 0
configure:8483: test -s conftest.o
configure:8486: $? = 0
configure:8495: result: yes
configure:8499: checking values.h presence
configure:8506: g++ -E  conftest.cc
configure:8512: $? = 0
configure:8530: result: yes
configure:8548: checking for values.h
configure:8555: result: yes
configure:8568: checking for mode_t
configure:8595: g++ -c -g -O2  conftest.cc >&5
configure:8598: $? = 0
configure:8601: test -s conftest.o
configure:8604: $? = 0
configure:8614: result: yes
configure:8626: checking for off_t
configure:8653: g++ -c -g -O2  conftest.cc >&5
configure:8656: $? = 0
configure:8659: test -s conftest.o
configure:8662: $? = 0
configure:8672: result: yes
configure:8684: checking for size_t
configure:8711: g++ -c -g -O2  conftest.cc >&5
configure:8714: $? = 0
configure:8717: test -s conftest.o
configure:8720: $? = 0
configure:8730: result: yes
configure:8742: checking whether time.h and sys/time.h may both be included
configure:8770: g++ -c -g -O2  conftest.cc >&5
configure:8773: $? = 0
configure:8776: test -s conftest.o
configure:8779: $? = 0
configure:8789: result: yes
configure:8799: checking whether struct tm is in sys/time.h or time.h
configure:8825: g++ -c -g -O2  conftest.cc >&5
configure:8828: $? = 0
configure:8831: test -s conftest.o
configure:8834: $? = 0
configure:8844: result: time.h
configure:8860: checking for sys/time.h
configure:8865: result: yes
configure:8860: checking for unistd.h
configure:8865: result: yes
configure:8973: checking for alarm
configure:9016: g++ -o conftest -g -O2   conftest.cc  >&5
configure:9019: $? = 0
configure:9022: test -s conftest
configure:9025: $? = 0
configure:9035: result: yes
configure:9045: checking for working mktime
configure:9203: g++ -o conftest -g -O2   conftest.cc  >&5
configure: In function 'void spring_forward_gap()':
configure:9098:38: warning: deprecated conversion from string constant to 'char*'
configure: At global scope:
configure:9112:14: error: variable or field 'mktime_test' declared void
configure:9112:14: error: 'now' was not declared in this scope
configure:9114:1: error: expected unqualified-id before '{' token
configure:9141:15: error: variable or field 'bigtime_test' declared void
configure:9141:15: error: 'j' was not declared in this scope
configure:9143:1: error: expected unqualified-id before '{' token
configure:9206: $? = 1
configure: program exited with status 1
configure: failed program was:
#line 9053 "configure"
#include "confdefs.h"
/* Test program from Paul Eggert and Tony Leneis.  */
#if TIME_WITH_SYS_TIME
# include <sys/time.h>
# include <time.h>
#else
# if HAVE_SYS_TIME_H
#  include <sys/time.h>
# else
#  include <time.h>
# endif
#endif

#if HAVE_UNISTD_H
# include <unistd.h>
#endif

#if !HAVE_ALARM
# define alarm(X) /* empty */
#endif

/* Work around redefinition to rpl_putenv by other config tests.  */
#undef putenv

static time_t time_t_max;

/* Values we'll use to set the TZ environment variable.  */
static const char *const tz_strings[] = {
  (const char *) 0, "TZ=GMT0", "TZ=JST-9",
  "TZ=EST+3EDT+2,M10.1.0/00:00:00,M2.3.0/00:00:00"
};
#define N_STRINGS (sizeof (tz_strings) / sizeof (tz_strings[0]))

/* Fail if mktime fails to convert a date in the spring-forward gap.
   Based on a problem report from Andreas Jaeger.  */
static void
spring_forward_gap ()
{
  /* glibc (up to about 1998-10-07) failed this test. */
  struct tm tm;

  /* Use the portable POSIX.1 specification "TZ=PST8PDT,M4.1.0,M10.5.0"
     instead of "TZ=America/Vancouver" in order to detect the bug even
     on systems that don't support the Olson extension, or don't have the
     full zoneinfo tables installed.  */
  putenv ("TZ=PST8PDT,M4.1.0,M10.5.0");

  tm.tm_year = 98;
  tm.tm_mon = 3;
  tm.tm_mday = 5;
  tm.tm_hour = 2;
  tm.tm_min = 0;
  tm.tm_sec = 0;
  tm.tm_isdst = -1;
  if (mktime (&tm) == (time_t)-1)
    exit (1);
}

static void
mktime_test (now)
     time_t now;
{
  struct tm *lt;
  if ((lt = localtime (&now)) && mktime (lt) != now)
    exit (1);
  now = time_t_max - now;
  if ((lt = localtime (&now)) && mktime (lt) != now)
    exit (1);
}

static void
irix_6_4_bug ()
{
  /* Based on code from Ariel Faigon.  */
  struct tm tm;
  tm.tm_year = 96;
  tm.tm_mon = 3;
  tm.tm_mday = 0;
  tm.tm_hour = 0;
  tm.tm_min = 0;
  tm.tm_sec = 0;
  tm.tm_isdst = -1;
  mktime (&tm);
  if (tm.tm_mon != 2 || tm.tm_mday != 31)
    exit (1);
}

static void
bigtime_test (j)
     int j;
{
  struct tm tm;
  time_t now;
  tm.tm_year = tm.tm_mon = tm.tm_mday = tm.tm_hour = tm.tm_min = tm.tm_sec = j;
  now = mktime (&tm);
  if (now != (time_t) -1)
    {
      struct tm *lt = localtime (&now);
      if (! (lt
	     && lt->tm_year == tm.tm_year
	     && lt->tm_mon == tm.tm_mon
	     && lt->tm_mday == tm.tm_mday
	     && lt->tm_hour == tm.tm_hour
	     && lt->tm_min == tm.tm_min
	     && lt->tm_sec == tm.tm_sec
	     && lt->tm_yday == tm.tm_yday
	     && lt->tm_wday == tm.tm_wday
	     && ((lt->tm_isdst < 0 ? -1 : 0 < lt->tm_isdst)
		  == (tm.tm_isdst < 0 ? -1 : 0 < tm.tm_isdst))))
	exit (1);
    }
}

int
main ()
{
  time_t t, delta;
  int i, j;

  /* This test makes some buggy mktime implementations loop.
     Give up after 60 seconds; a mktime slower than that
     isn't worth using anyway.  */
  alarm (60);

  for (time_t_max = 1; 0 < time_t_max; time_t_max *= 2)
    continue;
  time_t_max--;
  delta = time_t_max / 997; /* a suitable prime number */
  for (i = 0; i < N_STRINGS; i++)
    {
      if (tz_strings[i])
	putenv (tz_strings[i]);

      for (t = 0; t <= time_t_max - delta; t += delta)
	mktime_test (t);
      mktime_test ((time_t) 60 * 60);
      mktime_test ((time_t) 60 * 60 * 24);

      for (j = 1; 0 < j; j *= 2)
        bigtime_test (j);
      bigtime_test (j - 1);
    }
  irix_6_4_bug ();
  spring_forward_gap ();
  exit (0);
}
configure:9224: result: no
configure:9230: checking whether lstat dereferences a symlink specified with a trailing slash
configure:9264: g++ -o conftest -g -O2   conftest.cc  >&5
configure:9267: $? = 0
configure:9269: ./conftest
configure:9272: $? = 0
configure:9292: result: yes
configure:9306: checking whether stat accepts an empty string
configure:9334: g++ -o conftest -g -O2   conftest.cc  >&5
configure:9337: $? = 0
configure:9339: ./conftest
configure:9342: $? = 1
configure: program exited with status 1
configure: failed program was:
#line 9314 "configure"
#include "confdefs.h"
#include <stdio.h>
#if HAVE_SYS_TYPES_H
# include <sys/types.h>
#endif
#if HAVE_SYS_STAT_H
# include <sys/stat.h>
#endif
#if STDC_HEADERS
# include <stdlib.h>
# include <stddef.h>
#else
# if HAVE_STDLIB_H
#  include <stdlib.h>
# endif
#endif
#if HAVE_STRING_H
# if !STDC_HEADERS && HAVE_MEMORY_H
#  include <memory.h>
# endif
# include <string.h>
#endif
#if HAVE_STRINGS_H
# include <strings.h>
#endif
#if HAVE_INTTYPES_H
# include <inttypes.h>
#else
# if HAVE_STDINT_H
#  include <stdint.h>
# endif
#endif
#if HAVE_UNISTD_H
# include <unistd.h>
#endif
#ifdef F77_DUMMY_MAIN
#  ifdef __cplusplus
     extern "C"
#  endif
   int F77_DUMMY_MAIN() { return 1; }
#endif
int
main ()
{
struct stat sbuf;
  exit (stat ("", &sbuf) ? 1 : 0);
  ;
  return 0;
}
configure:9355: result: no
configure:9370: checking for strftime
configure:9413: g++ -o conftest -g -O2   conftest.cc  >&5
configure:9416: $? = 0
configure:9419: test -s conftest
configure:9422: $? = 0
configure:9432: result: yes
configure:9514: checking for gettimeofday
configure:9557: g++ -o conftest -g -O2   conftest.cc  >&5
configure:9560: $? = 0
configure:9563: test -s conftest
configure:9566: $? = 0
configure:9576: result: yes
configure:9514: checking for memset
configure:9557: g++ -o conftest -g -O2   conftest.cc  >&5
configure:9560: $? = 0
configure:9563: test -s conftest
configure:9566: $? = 0
configure:9576: result: yes
configure:9514: checking for strerror
configure:9557: g++ -o conftest -g -O2   conftest.cc  >&5
configure:9560: $? = 0
configure:9563: test -s conftest
configure:9566: $? = 0
configure:9576: result: yes
configure:9514: checking for strtol
configure:9557: g++ -o conftest -g -O2   conftest.cc  >&5
configure:9529:14: error: declaration of C function 'char strtol()' conflicts with
/usr/include/stdlib.h:184:17: error: previous declaration 'long int strtol(const char*, char**, int)' here
configure:9560: $? = 1
configure: failed program was:
#line 9519 "configure"
#include "confdefs.h"
/* System header to define __stub macros and hopefully few prototypes,
    which can conflict with char strtol (); below.  */
#include <assert.h>
/* Override any gcc2 internal prototype to avoid an error.  */
#ifdef __cplusplus
extern "C"
#endif
/* We use char because int might match the return type of a gcc2
   builtin and then its argument prototype would still apply.  */
char strtol ();
char (*f) ();

#ifdef F77_DUMMY_MAIN
#  ifdef __cplusplus
     extern "C"
#  endif
   int F77_DUMMY_MAIN() { return 1; }
#endif
int
main ()
{
/* The GNU C library defines this for functions which it implements
    to always fail with ENOSYS.  Some functions are actually named
    something starting with __ and the normal name is an alias.  */
#if defined (__stub_strtol) || defined (__stub___strtol)
choke me
#else
f = strtol;
#endif

  ;
  return 0;
}
configure:9576: result: no
configure:9589: checking for main in -lintl
configure:9616: g++ -o conftest -g -O2   conftest.cc -lintl   >&5
/usr/bin/ld: cannot find -lintl
collect2: ld returned 1 exit status
configure:9619: $? = 1
configure: failed program was:
#line 9596 "configure"
#include "confdefs.h"


#ifdef F77_DUMMY_MAIN
#  ifdef __cplusplus
     extern "C"
#  endif
   int F77_DUMMY_MAIN() { return 1; }
#endif
int
main ()
{
main ();
  ;
  return 0;
}
configure:9636: result: no
configure:9648: checking for main in -lsocket
configure:9675: g++ -o conftest -g -O2   conftest.cc -lsocket   >&5
/usr/bin/ld: cannot find -lsocket
collect2: ld returned 1 exit status
configure:9678: $? = 1
configure: failed program was:
#line 9655 "configure"
#include "confdefs.h"


#ifdef F77_DUMMY_MAIN
#  ifdef __cplusplus
     extern "C"
#  endif
   int F77_DUMMY_MAIN() { return 1; }
#endif
int
main ()
{
main ();
  ;
  return 0;
}
configure:9695: result: no
configure:9707: checking for main in -lnsl
configure:9734: g++ -o conftest -g -O2   conftest.cc -lnsl   >&5
configure:9737: $? = 0
configure:9740: test -s conftest
configure:9743: $? = 0
configure:9754: result: yes
configure:9766: checking for crypt in -lcrypt
configure:9799: g++ -o conftest -g -O2   conftest.cc -lcrypt  -lnsl  >&5
configure:9802: $? = 0
configure:9805: test -s conftest
configure:9808: $? = 0
configure:9819: result: yes
configure:9831: checking for main in -lz
configure:9858: g++ -o conftest -g -O2   conftest.cc -lz  -lcrypt -lnsl  >&5
configure:9861: $? = 0
configure:9864: test -s conftest
configure:9867: $? = 0
configure:9878: result: yes
configure:9916: checking for mysql_store_result in -lmysqlclient
configure:9949: g++ -o conftest -g -O2   conftest.cc -lmysqlclient  -lz -lcrypt -lnsl  -L/usr/local/lib/mysql -lmysqlclient >&5
configure:9952: $? = 0
configure:9955: test -s conftest
configure:9958: $? = 0
configure:9969: result: yes
configure:9998: checking for main in -lmysqlcppapi-1.9
configure:10025: g++ -o conftest -g -O2   conftest.cc -lmysqlcppapi-1.9  -lmysqlclient -lz -lcrypt -lnsl  -L/usr/local/lib/mysql -lmysqlclient >&5
/usr/bin/ld: cannot find -lmysqlcppapi-1.9
collect2: ld returned 1 exit status
configure:10028: $? = 1
configure: failed program was:
#line 10005 "configure"
#include "confdefs.h"


#ifdef F77_DUMMY_MAIN
#  ifdef __cplusplus
     extern "C"
#  endif
   int F77_DUMMY_MAIN() { return 1; }
#endif
int
main ()
{
main ();
  ;
  return 0;
}
configure:10045: result: no

## ---------------- ##
## Cache variables. ##
## ---------------- ##

ac_cv_build=i686-pc-linux-gnu
ac_cv_build_alias=i686-pc-linux-gnu
ac_cv_c_compiler_gnu=yes
ac_cv_c_const=yes
ac_cv_cxx_compiler_gnu=yes
ac_cv_env_CC_set=
ac_cv_env_CC_value=
ac_cv_env_CFLAGS_set=
ac_cv_env_CFLAGS_value=
ac_cv_env_CPPFLAGS_set=
ac_cv_env_CPPFLAGS_value=
ac_cv_env_CPP_set=
ac_cv_env_CPP_value=
ac_cv_env_CXXCPP_set=
ac_cv_env_CXXCPP_value=
ac_cv_env_CXXFLAGS_set=
ac_cv_env_CXXFLAGS_value=
ac_cv_env_CXX_set=
ac_cv_env_CXX_value=
ac_cv_env_LDFLAGS_set=
ac_cv_env_LDFLAGS_value=
ac_cv_env_build_alias_set=
ac_cv_env_build_alias_value=
ac_cv_env_host_alias_set=
ac_cv_env_host_alias_value=
ac_cv_env_target_alias_set=
ac_cv_env_target_alias_value=
ac_cv_exeext=
ac_cv_func_alarm=yes
ac_cv_func_gettimeofday=yes
ac_cv_func_lstat_dereferences_slashed_symlink=yes
ac_cv_func_memset=yes
ac_cv_func_stat_empty_string_bug=no
ac_cv_func_strerror=yes
ac_cv_func_strftime=yes
ac_cv_func_strtol=no
ac_cv_func_working_mktime=no
ac_cv_header_dlfcn_h=yes
ac_cv_header_fcntl_h=yes
ac_cv_header_inttypes_h=yes
ac_cv_header_limits_h=yes
ac_cv_header_memory_h=yes
ac_cv_header_stdc=yes
ac_cv_header_stdint_h=yes
ac_cv_header_stdlib_h=yes
ac_cv_header_string_h=yes
ac_cv_header_strings_h=yes
ac_cv_header_sys_stat_h=yes
ac_cv_header_sys_time_h=yes
ac_cv_header_sys_types_h=yes
ac_cv_header_time=yes
ac_cv_header_unistd_h=yes
ac_cv_header_values_h=yes
ac_cv_host=i686-pc-linux-gnu
ac_cv_host_alias=i686-pc-linux-gnu
ac_cv_lib_crypt_crypt=yes
ac_cv_lib_intl_main=no
ac_cv_lib_mysqlclient_mysql_store_result=yes
ac_cv_lib_mysqlcppapi_1_9_main=no
ac_cv_lib_nsl_main=yes
ac_cv_lib_socket_main=no
ac_cv_lib_z_main=yes
ac_cv_objext=o
ac_cv_path_install='/usr/bin/install -c'
ac_cv_prog_AWK=gawk
ac_cv_prog_CPP='gcc -E'
ac_cv_prog_CXXCPP='g++ -E'
ac_cv_prog_ac_ct_CC=gcc
ac_cv_prog_ac_ct_CXX=g++
ac_cv_prog_ac_ct_RANLIB=ranlib
ac_cv_prog_ac_ct_STRIP=strip
ac_cv_prog_cc_g=yes
ac_cv_prog_cc_stdc=no
ac_cv_prog_cxx_g=yes
ac_cv_prog_make_make_set=yes
ac_cv_struct_tm=time.h
ac_cv_type_mode_t=yes
ac_cv_type_off_t=yes
ac_cv_type_size_t=yes
am_cv_CC_dependencies_compiler_type=gcc3
am_cv_CXX_dependencies_compiler_type=gcc3
lt_cv_archive_cmds_need_lc=no
lt_cv_compiler_c_o=yes
lt_cv_compiler_o_lo=yes
lt_cv_deplibs_check_method=pass_all
lt_cv_file_magic_cmd='$MAGIC_CMD'
lt_cv_file_magic_test_file='/lib/libc.so* /lib/libc-*.so'
lt_cv_global_symbol_to_c_name_address='sed -n -e '\''s/^: \([^ ]*\) $/  {\"\1\", (lt_ptr) 0},/p'\'' -e '\''s/^[BCDEGRST] \([^ ]*\) \([^ ]*\)$/  {"\2", (lt_ptr) \&\2},/p'\'''
lt_cv_global_symbol_to_cdecl='sed -n -e '\''s/^. .* \(.*\)$/extern char \1;/p'\'''
lt_cv_ld_reload_flag=-r
lt_cv_path_LD=/usr/bin/ld
lt_cv_path_NM='/usr/bin/nm -B'
lt_cv_prog_cc_can_build_shared=yes
lt_cv_prog_cc_no_builtin=
lt_cv_prog_cc_pic=' -fPIC'
lt_cv_prog_cc_pic_works=yes
lt_cv_prog_cc_shlib=
lt_cv_prog_cc_static=-static
lt_cv_prog_cc_static_works=yes
lt_cv_prog_cc_wl=-Wl,
lt_cv_prog_gnu_ld=yes
lt_cv_sys_global_symbol_pipe='sed -n -e '\''s/^.*[ 	]\([ABCDGISTW][ABCDGISTW]*\)[ 	][ 	]*\(\)\([_A-Za-z][_A-Za-z0-9]*\)$/\1 \2\3 \3/p'\'''
lt_cv_sys_path_separator=:

## ----------- ##
## confdefs.h. ##
## ----------- ##

#define PACKAGE_NAME "xcdr"
#define PACKAGE_TARNAME "xcdr"
#define PACKAGE_VERSION "0.5"
#define PACKAGE_STRING "xcdr 0.5"
#define PACKAGE_BUGREPORT "thomas.marsh@seznam.cz"
#define PACKAGE "xcdr"
#define VERSION "0.5.1"
#ifdef __cplusplus
#include <stdlib.h>
#endif
#define STDC_HEADERS 1
#define HAVE_SYS_TYPES_H 1
#define HAVE_SYS_STAT_H 1
#define HAVE_STDLIB_H 1
#define HAVE_STRING_H 1
#define HAVE_MEMORY_H 1
#define HAVE_STRINGS_H 1
#define HAVE_INTTYPES_H 1
#define HAVE_STDINT_H 1
#define HAVE_UNISTD_H 1
#define HAVE_DLFCN_H 1
#define STDC_HEADERS 1
#define HAVE_FCNTL_H 1
#define HAVE_LIMITS_H 1
#define HAVE_STDLIB_H 1
#define HAVE_SYS_TIME_H 1
#define HAVE_UNISTD_H 1
#define HAVE_VALUES_H 1
#define TIME_WITH_SYS_TIME 1
#define HAVE_SYS_TIME_H 1
#define HAVE_UNISTD_H 1
#define HAVE_ALARM 1
#define LSTAT_FOLLOWS_SLASHED_SYMLINK 1
#define HAVE_STRFTIME 1
#define HAVE_GETTIMEOFDAY 1
#define HAVE_MEMSET 1
#define HAVE_STRERROR 1
#define HAVE_LIBNSL 1
#define HAVE_LIBCRYPT 1
#define HAVE_LIBZ 1
#define HAVE_LIBMYSQLCLIENT 1

configure: exit 1
